# JRE version: OpenJDK Runtime Environment Temurin-21.0.7+6 (21.0.7+6) (build 21.0.7+6-LTS)
# Java VM: OpenJDK 64-Bit Server VM Temurin-21.0.7+6 (21.0.7+6-LTS, mixed mode, sharing, tiered, compressed oops, compressed class ptrs, parallel gc, windows-amd64)
GC Precious Log:
 CardTable entry size: 512
 CPUs: 8 total, 8 available
 Memory: 12082M
 Large Page Support: Disabled
 NUMA Support: Disabled
 Compressed Oops: Enabled (32-bit)
 Alignments: Space 512K, Generation 512K, Heap 2M
 Heap Min Capacity: 100M
 Heap Initial Capacity: 100M
 Heap Max Capacity: 2G
 Pre-touch: Disabled
 Parallel Workers: 8
Heap:
 PSYoungGen      total 23040K, used 22837K [0x00000000d5580000, 0x00000000d7280000, 0x0000000100000000)
  eden space 22016K, 99% used [0x00000000d5580000,0x00000000d6aec220,0x00000000d6b00000)
  from space 1024K, 88% used [0x00000000d7180000,0x00000000d72614b8,0x00000000d7280000)
  to   space 1536K, 0% used [0x00000000d6f80000,0x00000000d6f80000,0x00000000d7100000)
 ParOldGen       total 68608K, used 38173K [0x0000000080000000, 0x0000000084300000, 0x00000000d5580000)
  object space 68608K, 55% used [0x0000000080000000,0x0000000082547528,0x0000000084300000)
 Metaspace       used 60159K, committed 61504K, reserved 1114112K
  class space    used 7434K, committed 8064K, reserved 1048576K
GC Heap History (20 events):
Event: 15.199 GC heap before
{Heap before GC invocations=28 (full 2):
 PSYoungGen      total 24064K, used 22548K [0x00000000d5580000, 0x00000000d7400000, 0x0000000100000000)
  eden space 22016K, 100% used [0x00000000d5580000,0x00000000d6b00000,0x00000000d6b00000)
  from space 2048K, 26% used [0x00000000d7080000,0x00000000d7105390,0x00000000d7280000)
  to   space 1024K, 0% used [0x00000000d7300000,0x00000000d7300000,0x00000000d7400000)
 ParOldGen       total 68608K, used 37992K [0x0000000080000000, 0x0000000084300000, 0x00000000d5580000)
  object space 68608K, 55% used [0x0000000080000000,0x000000008251a018,0x0000000084300000)
 Metaspace       used 57290K, committed 58560K, reserved 1114112K
  class space    used 6967K, committed 7552K, reserved 1048576K
}
Event: 15.199 GC heap after
{Heap after GC invocations=28 (full 2):
 PSYoungGen      total 23040K, used 549K [0x00000000d5580000, 0x00000000d7400000, 0x0000000100000000)
  eden space 22016K, 0% used [0x00000000d5580000,0x00000000d5580000,0x00000000d6b00000)
  from space 1024K, 53% used [0x00000000d7300000,0x00000000d7389528,0x00000000d7400000)
  to   space 1024K, 0% used [0x00000000d7200000,0x00000000d7200000,0x00000000d7300000)
 ParOldGen       total 68608K, used 38120K [0x0000000080000000, 0x0000000084300000, 0x00000000d5580000)
  object space 68608K, 55% used [0x0000000080000000,0x000000008253a018,0x0000000084300000)
 Metaspace       used 57290K, committed 58560K, reserved 1114112K
  class space    used 6967K, committed 7552K, reserved 1048576K
}
Event: 15.408 GC heap before
{Heap before GC invocations=29 (full 2):
 PSYoungGen      total 23040K, used 18129K [0x00000000d5580000, 0x00000000d7400000, 0x0000000100000000)
  eden space 22016K, 79% used [0x00000000d5580000,0x00000000d66ab238,0x00000000d6b00000)
  from space 1024K, 53% used [0x00000000d7300000,0x00000000d7389528,0x00000000d7400000)
  to   space 1024K, 0% used [0x00000000d7200000,0x00000000d7200000,0x00000000d7300000)
 ParOldGen       total 68608K, used 38120K [0x0000000080000000, 0x0000000084300000, 0x00000000d5580000)
  object space 68608K, 55% used [0x0000000080000000,0x000000008253a018,0x0000000084300000)
 Metaspace       used 58544K, committed 59776K, reserved 1114112K
  class space    used 7166K, committed 7744K, reserved 1048576K
}
Event: 15.410 GC heap after
{Heap after GC invocations=29 (full 2):
 PSYoungGen      total 23040K, used 832K [0x00000000d5580000, 0x00000000d7380000, 0x0000000100000000)
  eden space 22016K, 0% used [0x00000000d5580000,0x00000000d5580000,0x00000000d6b00000)
  from space 1024K, 81% used [0x00000000d7200000,0x00000000d72d0010,0x00000000d7300000)
  to   space 512K, 0% used [0x00000000d7300000,0x00000000d7300000,0x00000000d7380000)
 ParOldGen       total 68608K, used 38492K [0x0000000080000000, 0x0000000084300000, 0x00000000d5580000)
  object space 68608K, 56% used [0x0000000080000000,0x0000000082597278,0x0000000084300000)
 Metaspace       used 58544K, committed 59776K, reserved 1114112K
  class space    used 7166K, committed 7744K, reserved 1048576K
}
Event: 15.410 GC heap before
{Heap before GC invocations=30 (full 3):
 PSYoungGen      total 23040K, used 832K [0x00000000d5580000, 0x00000000d7380000, 0x0000000100000000)
  eden space 22016K, 0% used [0x00000000d5580000,0x00000000d5580000,0x00000000d6b00000)
  from space 1024K, 81% used [0x00000000d7200000,0x00000000d72d0010,0x00000000d7300000)
  to   space 512K, 0% used [0x00000000d7300000,0x00000000d7300000,0x00000000d7380000)
 ParOldGen       total 68608K, used 38492K [0x0000000080000000, 0x0000000084300000, 0x00000000d5580000)
  object space 68608K, 56% used [0x0000000080000000,0x0000000082597278,0x0000000084300000)
 Metaspace       used 58544K, committed 59776K, reserved 1114112K
  class space    used 7166K, committed 7744K, reserved 1048576K
}
Event: 15.467 GC heap after
{Heap after GC invocations=30 (full 3):
 PSYoungGen      total 23040K, used 0K [0x00000000d5580000, 0x00000000d7380000, 0x0000000100000000)
  eden space 22016K, 0% used [0x00000000d5580000,0x00000000d5580000,0x00000000d6b00000)
  from space 1024K, 0% used [0x00000000d7200000,0x00000000d7200000,0x00000000d7300000)
  to   space 512K, 0% used [0x00000000d7300000,0x00000000d7300000,0x00000000d7380000)
 ParOldGen       total 68608K, used 37023K [0x0000000080000000, 0x0000000084300000, 0x00000000d5580000)
  object space 68608K, 53% used [0x0000000080000000,0x0000000082427ec0,0x0000000084300000)
 Metaspace       used 58544K, committed 59776K, reserved 1114112K
  class space    used 7166K, committed 7744K, reserved 1048576K
}
Event: 15.740 GC heap before
{Heap before GC invocations=31 (full 3):
 PSYoungGen      total 23040K, used 22016K [0x00000000d5580000, 0x00000000d7380000, 0x0000000100000000)
  eden space 22016K, 100% used [0x00000000d5580000,0x00000000d6b00000,0x00000000d6b00000)
  from space 1024K, 0% used [0x00000000d7200000,0x00000000d7200000,0x00000000d7300000)
  to   space 512K, 0% used [0x00000000d7300000,0x00000000d7300000,0x00000000d7380000)
 ParOldGen       total 68608K, used 37023K [0x0000000080000000, 0x0000000084300000, 0x00000000d5580000)
  object space 68608K, 53% used [0x0000000080000000,0x0000000082427ec0,0x0000000084300000)
 Metaspace       used 60052K, committed 61312K, reserved 1114112K
  class space    used 7415K, committed 8000K, reserved 1048576K
}
Event: 15.741 GC heap after
{Heap after GC invocations=31 (full 3):
 PSYoungGen      total 22528K, used 496K [0x00000000d5580000, 0x00000000d7380000, 0x0000000100000000)
  eden space 22016K, 0% used [0x00000000d5580000,0x00000000d5580000,0x00000000d6b00000)
  from space 512K, 96% used [0x00000000d7300000,0x00000000d737c010,0x00000000d7380000)
  to   space 1024K, 0% used [0x00000000d7180000,0x00000000d7180000,0x00000000d7280000)
 ParOldGen       total 68608K, used 37226K [0x0000000080000000, 0x0000000084300000, 0x00000000d5580000)
  object space 68608K, 54% used [0x0000000080000000,0x000000008245ab40,0x0000000084300000)
 Metaspace       used 60052K, committed 61312K, reserved 1114112K
  class space    used 7415K, committed 8000K, reserved 1048576K
}
Event: 15.942 GC heap before
{Heap before GC invocations=32 (full 3):
 PSYoungGen      total 22528K, used 22512K [0x00000000d5580000, 0x00000000d7380000, 0x0000000100000000)
  eden space 22016K, 100% used [0x00000000d5580000,0x00000000d6b00000,0x00000000d6b00000)
  from space 512K, 96% used [0x00000000d7300000,0x00000000d737c010,0x00000000d7380000)
  to   space 1024K, 0% used [0x00000000d7180000,0x00000000d7180000,0x00000000d7280000)
 ParOldGen       total 68608K, used 37226K [0x0000000080000000, 0x0000000084300000, 0x00000000d5580000)
  object space 68608K, 54% used [0x0000000080000000,0x000000008245ab40,0x0000000084300000)
 Metaspace       used 60144K, committed 61504K, reserved 1114112K
  class space    used 7433K, committed 8064K, reserved 1048576K
}
Event: 15.943 GC heap after
{Heap after GC invocations=32 (full 3):
 PSYoungGen      total 23040K, used 1011K [0x00000000d5580000, 0x00000000d7380000, 0x0000000100000000)
  eden space 22016K, 0% used [0x00000000d5580000,0x00000000d5580000,0x00000000d6b00000)
  from space 1024K, 98% used [0x00000000d7180000,0x00000000d727cc40,0x00000000d7280000)
  to   space 1024K, 0% used [0x00000000d7280000,0x00000000d7280000,0x00000000d7380000)
 ParOldGen       total 68608K, used 37735K [0x0000000080000000, 0x0000000084300000, 0x00000000d5580000)
  object space 68608K, 55% used [0x0000000080000000,0x00000000824d9e10,0x0000000084300000)
 Metaspace       used 60144K, committed 61504K, reserved 1114112K
  class space    used 7433K, committed 8064K, reserved 1048576K
}
Event: 16.124 GC heap before
{Heap before GC invocations=33 (full 3):
 PSYoungGen      total 23040K, used 23027K [0x00000000d5580000, 0x00000000d7380000, 0x0000000100000000)
  eden space 22016K, 100% used [0x00000000d5580000,0x00000000d6b00000,0x00000000d6b00000)
  from space 1024K, 98% used [0x00000000d7180000,0x00000000d727cc40,0x00000000d7280000)
  to   space 1024K, 0% used [0x00000000d7280000,0x00000000d7280000,0x00000000d7380000)
 ParOldGen       total 68608K, used 37735K [0x0000000080000000, 0x0000000084300000, 0x00000000d5580000)
  object space 68608K, 55% used [0x0000000080000000,0x00000000824d9e10,0x0000000084300000)
 Metaspace       used 60144K, committed 61504K, reserved 1114112K
  class space    used 7433K, committed 8064K, reserved 1048576K
}
Event: 16.124 GC heap after
{Heap after GC invocations=33 (full 3):
 PSYoungGen      total 23040K, used 1017K [0x00000000d5580000, 0x00000000d7380000, 0x0000000100000000)
  eden space 22016K, 0% used [0x00000000d5580000,0x00000000d5580000,0x00000000d6b00000)
  from space 1024K, 99% used [0x00000000d7280000,0x00000000d737e658,0x00000000d7380000)
  to   space 1536K, 0% used [0x00000000d7080000,0x00000000d7080000,0x00000000d7200000)
 ParOldGen       total 68608K, used 37871K [0x0000000080000000, 0x0000000084300000, 0x00000000d5580000)
  object space 68608K, 55% used [0x0000000080000000,0x00000000824fbe10,0x0000000084300000)
 Metaspace       used 60144K, committed 61504K, reserved 1114112K
  class space    used 7433K, committed 8064K, reserved 1048576K
}
Event: 16.342 GC heap before
{Heap before GC invocations=34 (full 3):
 PSYoungGen      total 23040K, used 23033K [0x00000000d5580000, 0x00000000d7380000, 0x0000000100000000)
  eden space 22016K, 100% used [0x00000000d5580000,0x00000000d6b00000,0x00000000d6b00000)
  from space 1024K, 99% used [0x00000000d7280000,0x00000000d737e658,0x00000000d7380000)
  to   space 1536K, 0% used [0x00000000d7080000,0x00000000d7080000,0x00000000d7200000)
 ParOldGen       total 68608K, used 37871K [0x0000000080000000, 0x0000000084300000, 0x00000000d5580000)
  object space 68608K, 55% used [0x0000000080000000,0x00000000824fbe10,0x0000000084300000)
 Metaspace       used 60150K, committed 61504K, reserved 1114112K
  class space    used 7434K, committed 8064K, reserved 1048576K
}
Event: 16.343 GC heap after
{Heap after GC invocations=34 (full 3):
 PSYoungGen      total 23552K, used 1329K [0x00000000d5580000, 0x00000000d7300000, 0x0000000100000000)
  eden space 22016K, 0% used [0x00000000d5580000,0x00000000d5580000,0x00000000d6b00000)
  from space 1536K, 86% used [0x00000000d7080000,0x00000000d71cc5f0,0x00000000d7200000)
  to   space 1024K, 0% used [0x00000000d7200000,0x00000000d7200000,0x00000000d7300000)
 ParOldGen       total 68608K, used 37895K [0x0000000080000000, 0x0000000084300000, 0x00000000d5580000)
  object space 68608K, 55% used [0x0000000080000000,0x0000000082501e10,0x0000000084300000)
 Metaspace       used 60150K, committed 61504K, reserved 1114112K
  class space    used 7434K, committed 8064K, reserved 1048576K
}
Event: 16.548 GC heap before
{Heap before GC invocations=35 (full 3):
 PSYoungGen      total 23552K, used 23345K [0x00000000d5580000, 0x00000000d7300000, 0x0000000100000000)
  eden space 22016K, 100% used [0x00000000d5580000,0x00000000d6b00000,0x00000000d6b00000)
  from space 1536K, 86% used [0x00000000d7080000,0x00000000d71cc5f0,0x00000000d7200000)
  to   space 1024K, 0% used [0x00000000d7200000,0x00000000d7200000,0x00000000d7300000)
 ParOldGen       total 68608K, used 37895K [0x0000000080000000, 0x0000000084300000, 0x00000000d5580000)
  object space 68608K, 55% used [0x0000000080000000,0x0000000082501e10,0x0000000084300000)
 Metaspace       used 60150K, committed 61504K, reserved 1114112K
  class space    used 7434K, committed 8064K, reserved 1048576K
}
Event: 16.549 GC heap after
{Heap after GC invocations=35 (full 3):
 PSYoungGen      total 23040K, used 1019K [0x00000000d5580000, 0x00000000d7300000, 0x0000000100000000)
  eden space 22016K, 0% used [0x00000000d5580000,0x00000000d5580000,0x00000000d6b00000)
  from space 1024K, 99% used [0x00000000d7200000,0x00000000d72fedc8,0x00000000d7300000)
  to   space 1536K, 0% used [0x00000000d7000000,0x00000000d7000000,0x00000000d7180000)
 ParOldGen       total 68608K, used 38117K [0x0000000080000000, 0x0000000084300000, 0x00000000d5580000)
  object space 68608K, 55% used [0x0000000080000000,0x0000000082539528,0x0000000084300000)
 Metaspace       used 60150K, committed 61504K, reserved 1114112K
  class space    used 7434K, committed 8064K, reserved 1048576K
}
Event: 16.720 GC heap before
{Heap before GC invocations=36 (full 3):
 PSYoungGen      total 23040K, used 23035K [0x00000000d5580000, 0x00000000d7300000, 0x0000000100000000)
  eden space 22016K, 100% used [0x00000000d5580000,0x00000000d6b00000,0x00000000d6b00000)
  from space 1024K, 99% used [0x00000000d7200000,0x00000000d72fedc8,0x00000000d7300000)
  to   space 1536K, 0% used [0x00000000d7000000,0x00000000d7000000,0x00000000d7180000)
 ParOldGen       total 68608K, used 38117K [0x0000000080000000, 0x0000000084300000, 0x00000000d5580000)
  object space 68608K, 55% used [0x0000000080000000,0x0000000082539528,0x0000000084300000)
 Metaspace       used 60153K, committed 61504K, reserved 1114112K
  class space    used 7434K, committed 8064K, reserved 1048576K
}
Event: 16.720 GC heap after
{Heap after GC invocations=36 (full 3):
 PSYoungGen      total 23552K, used 1271K [0x00000000d5580000, 0x00000000d7280000, 0x0000000100000000)
  eden space 22016K, 0% used [0x00000000d5580000,0x00000000d5580000,0x00000000d6b00000)
  from space 1536K, 82% used [0x00000000d7000000,0x00000000d713dd20,0x00000000d7180000)
  to   space 1024K, 0% used [0x00000000d7180000,0x00000000d7180000,0x00000000d7280000)
 ParOldGen       total 68608K, used 38141K [0x0000000080000000, 0x0000000084300000, 0x00000000d5580000)
  object space 68608K, 55% used [0x0000000080000000,0x000000008253f528,0x0000000084300000)
 Metaspace       used 60153K, committed 61504K, reserved 1114112K
  class space    used 7434K, committed 8064K, reserved 1048576K
}
Event: 16.883 GC heap before
{Heap before GC invocations=37 (full 3):
 PSYoungGen      total 23552K, used 23287K [0x00000000d5580000, 0x00000000d7280000, 0x0000000100000000)
  eden space 22016K, 100% used [0x00000000d5580000,0x00000000d6b00000,0x00000000d6b00000)
  from space 1536K, 82% used [0x00000000d7000000,0x00000000d713dd20,0x00000000d7180000)
  to   space 1024K, 0% used [0x00000000d7180000,0x00000000d7180000,0x00000000d7280000)
 ParOldGen       total 68608K, used 38141K [0x0000000080000000, 0x0000000084300000, 0x00000000d5580000)
  object space 68608K, 55% used [0x0000000080000000,0x000000008253f528,0x0000000084300000)
 Metaspace       used 60154K, committed 61504K, reserved 1114112K
  class space    used 7434K, committed 8064K, reserved 1048576K
}
Event: 16.883 GC heap after
{Heap after GC invocations=37 (full 3):
 PSYoungGen      total 23040K, used 901K [0x00000000d5580000, 0x00000000d7280000, 0x0000000100000000)
  eden space 22016K, 0% used [0x00000000d5580000,0x00000000d5580000,0x00000000d6b00000)
  from space 1024K, 88% used [0x00000000d7180000,0x00000000d72614b8,0x00000000d7280000)
  to   space 1536K, 0% used [0x00000000d6f80000,0x00000000d6f80000,0x00000000d7100000)
 ParOldGen       total 68608K, used 38173K [0x0000000080000000, 0x0000000084300000, 0x00000000d5580000)
  object space 68608K, 55% used [0x0000000080000000,0x0000000082547528,0x0000000084300000)
 Metaspace       used 60154K, committed 61504K, reserved 1114112K
  class space    used 7434K, committed 8064K, reserved 1048576K
}

