# JRE version: OpenJDK Runtime Environment Temurin-21.0.7+6 (21.0.7+6) (build 21.0.7+6-LTS)
# Java VM: OpenJDK 64-Bit Server VM Temurin-21.0.7+6 (21.0.7+6-LTS, mixed mode, sharing, tiered, compressed oops, compressed class ptrs, parallel gc, windows-amd64)
GC Precious Log:
 CardTable entry size: 512
 CPUs: 8 total, 8 available
 Memory: 12082M
 Large Page Support: Disabled
 NUMA Support: Disabled
 Compressed Oops: Enabled (32-bit)
 Alignments: Space 512K, Generation 512K, Heap 2M
 Heap Min Capacity: 100M
 Heap Initial Capacity: 100M
 Heap Max Capacity: 2G
 Pre-touch: Disabled
 Parallel Workers: 8
Heap:
 PSYoungGen      total 23552K, used 19975K [0x00000000d5580000, 0x00000000d6e80000, 0x0000000100000000)
  eden space 22016K, 85% used [0x00000000d5580000,0x00000000d67e9d10,0x00000000d6b00000)
  from space 1536K, 72% used [0x00000000d6d00000,0x00000000d6e18000,0x00000000d6e80000)
  to   space 1536K, 0% used [0x00000000d6b00000,0x00000000d6b00000,0x00000000d6c80000)
 ParOldGen       total 68608K, used 29471K [0x0000000080000000, 0x0000000084300000, 0x00000000d5580000)
  object space 68608K, 42% used [0x0000000080000000,0x0000000081cc7d90,0x0000000084300000)
 Metaspace       used 47485K, committed 48704K, reserved 1114112K
  class space    used 5290K, committed 5824K, reserved 1048576K
GC Heap History (20 events):
Event: 8.796 GC heap before
{Heap before GC invocations=11 (full 1):
 PSYoungGen      total 25600K, used 24977K [0x00000000d5580000, 0x00000000d7300000, 0x0000000100000000)
  eden space 23552K, 100% used [0x00000000d5580000,0x00000000d6c80000,0x00000000d6c80000)
  from space 2048K, 69% used [0x00000000d6f00000,0x00000000d7064658,0x00000000d7100000)
  to   space 2048K, 0% used [0x00000000d7100000,0x00000000d7100000,0x00000000d7300000)
 ParOldGen       total 68608K, used 13751K [0x0000000080000000, 0x0000000084300000, 0x00000000d5580000)
  object space 68608K, 20% used [0x0000000080000000,0x0000000080d6dda0,0x0000000084300000)
 Metaspace       used 28834K, committed 29632K, reserved 1114112K
  class space    used 2748K, committed 3072K, reserved 1048576K
}
Event: 8.798 GC heap after
{Heap after GC invocations=11 (full 1):
 PSYoungGen      total 25088K, used 2027K [0x00000000d5580000, 0x00000000d7300000, 0x0000000100000000)
  eden space 23040K, 0% used [0x00000000d5580000,0x00000000d5580000,0x00000000d6c00000)
  from space 2048K, 98% used [0x00000000d7100000,0x00000000d72fac08,0x00000000d7300000)
  to   space 3072K, 0% used [0x00000000d6d00000,0x00000000d6d00000,0x00000000d7000000)
 ParOldGen       total 68608K, used 14191K [0x0000000080000000, 0x0000000084300000, 0x00000000d5580000)
  object space 68608K, 20% used [0x0000000080000000,0x0000000080ddbdc0,0x0000000084300000)
 Metaspace       used 28834K, committed 29632K, reserved 1114112K
  class space    used 2748K, committed 3072K, reserved 1048576K
}
Event: 9.095 GC heap before
{Heap before GC invocations=12 (full 1):
 PSYoungGen      total 25088K, used 25067K [0x00000000d5580000, 0x00000000d7300000, 0x0000000100000000)
  eden space 23040K, 100% used [0x00000000d5580000,0x00000000d6c00000,0x00000000d6c00000)
  from space 2048K, 98% used [0x00000000d7100000,0x00000000d72fac08,0x00000000d7300000)
  to   space 3072K, 0% used [0x00000000d6d00000,0x00000000d6d00000,0x00000000d7000000)
 ParOldGen       total 68608K, used 14191K [0x0000000080000000, 0x0000000084300000, 0x00000000d5580000)
  object space 68608K, 20% used [0x0000000080000000,0x0000000080ddbee8,0x0000000084300000)
 Metaspace       used 31830K, committed 32896K, reserved 1114112K
  class space    used 3113K, committed 3584K, reserved 1048576K
}
Event: 9.097 GC heap after
{Heap after GC invocations=12 (full 1):
 PSYoungGen      total 25088K, used 1653K [0x00000000d5580000, 0x00000000d7180000, 0x0000000100000000)
  eden space 23040K, 0% used [0x00000000d5580000,0x00000000d5580000,0x00000000d6c00000)
  from space 2048K, 80% used [0x00000000d6d00000,0x00000000d6e9d4d0,0x00000000d6f00000)
  to   space 2048K, 0% used [0x00000000d6f80000,0x00000000d6f80000,0x00000000d7180000)
 ParOldGen       total 68608K, used 16185K [0x0000000080000000, 0x0000000084300000, 0x00000000d5580000)
  object space 68608K, 23% used [0x0000000080000000,0x0000000080fce440,0x0000000084300000)
 Metaspace       used 31830K, committed 32896K, reserved 1114112K
  class space    used 3113K, committed 3584K, reserved 1048576K
}
Event: 9.332 GC heap before
{Heap before GC invocations=13 (full 1):
 PSYoungGen      total 25088K, used 24551K [0x00000000d5580000, 0x00000000d7180000, 0x0000000100000000)
  eden space 23040K, 99% used [0x00000000d5580000,0x00000000d6bdc990,0x00000000d6c00000)
  from space 2048K, 80% used [0x00000000d6d00000,0x00000000d6e9d4d0,0x00000000d6f00000)
  to   space 2048K, 0% used [0x00000000d6f80000,0x00000000d6f80000,0x00000000d7180000)
 ParOldGen       total 68608K, used 16185K [0x0000000080000000, 0x0000000084300000, 0x00000000d5580000)
  object space 68608K, 23% used [0x0000000080000000,0x0000000080fce440,0x0000000084300000)
 Metaspace       used 34831K, committed 35840K, reserved 1114112K
  class space    used 3538K, committed 4032K, reserved 1048576K
}
Event: 9.334 GC heap after
{Heap after GC invocations=13 (full 1):
 PSYoungGen      total 25088K, used 1568K [0x00000000d5580000, 0x00000000d7180000, 0x0000000100000000)
  eden space 23040K, 0% used [0x00000000d5580000,0x00000000d5580000,0x00000000d6c00000)
  from space 2048K, 76% used [0x00000000d6f80000,0x00000000d7108000,0x00000000d7180000)
  to   space 2048K, 0% used [0x00000000d6d00000,0x00000000d6d00000,0x00000000d6f00000)
 ParOldGen       total 68608K, used 17390K [0x0000000080000000, 0x0000000084300000, 0x00000000d5580000)
  object space 68608K, 25% used [0x0000000080000000,0x00000000810fb8b0,0x0000000084300000)
 Metaspace       used 34831K, committed 35840K, reserved 1114112K
  class space    used 3538K, committed 4032K, reserved 1048576K
}
Event: 9.334 GC heap before
{Heap before GC invocations=14 (full 2):
 PSYoungGen      total 25088K, used 1568K [0x00000000d5580000, 0x00000000d7180000, 0x0000000100000000)
  eden space 23040K, 0% used [0x00000000d5580000,0x00000000d5580000,0x00000000d6c00000)
  from space 2048K, 76% used [0x00000000d6f80000,0x00000000d7108000,0x00000000d7180000)
  to   space 2048K, 0% used [0x00000000d6d00000,0x00000000d6d00000,0x00000000d6f00000)
 ParOldGen       total 68608K, used 17390K [0x0000000080000000, 0x0000000084300000, 0x00000000d5580000)
  object space 68608K, 25% used [0x0000000080000000,0x00000000810fb8b0,0x0000000084300000)
 Metaspace       used 34831K, committed 35840K, reserved 1114112K
  class space    used 3538K, committed 4032K, reserved 1048576K
}
Event: 9.367 GC heap after
{Heap after GC invocations=14 (full 2):
 PSYoungGen      total 25088K, used 0K [0x00000000d5580000, 0x00000000d7180000, 0x0000000100000000)
  eden space 23040K, 0% used [0x00000000d5580000,0x00000000d5580000,0x00000000d6c00000)
  from space 2048K, 0% used [0x00000000d6f80000,0x00000000d6f80000,0x00000000d7180000)
  to   space 2048K, 0% used [0x00000000d6d00000,0x00000000d6d00000,0x00000000d6f00000)
 ParOldGen       total 68608K, used 18275K [0x0000000080000000, 0x0000000084300000, 0x00000000d5580000)
  object space 68608K, 26% used [0x0000000080000000,0x00000000811d8c00,0x0000000084300000)
 Metaspace       used 34831K, committed 35840K, reserved 1114112K
  class space    used 3538K, committed 4032K, reserved 1048576K
}
Event: 9.619 GC heap before
{Heap before GC invocations=15 (full 2):
 PSYoungGen      total 25088K, used 23040K [0x00000000d5580000, 0x00000000d7180000, 0x0000000100000000)
  eden space 23040K, 100% used [0x00000000d5580000,0x00000000d6c00000,0x00000000d6c00000)
  from space 2048K, 0% used [0x00000000d6f80000,0x00000000d6f80000,0x00000000d7180000)
  to   space 2048K, 0% used [0x00000000d6d00000,0x00000000d6d00000,0x00000000d6f00000)
 ParOldGen       total 68608K, used 18299K [0x0000000080000000, 0x0000000084300000, 0x00000000d5580000)
  object space 68608K, 26% used [0x0000000080000000,0x00000000811dee18,0x0000000084300000)
 Metaspace       used 36778K, committed 37952K, reserved 1114112K
  class space    used 3826K, committed 4352K, reserved 1048576K
}
Event: 9.621 GC heap after
{Heap after GC invocations=15 (full 2):
 PSYoungGen      total 24064K, used 1117K [0x00000000d5580000, 0x00000000d7000000, 0x0000000100000000)
  eden space 22528K, 0% used [0x00000000d5580000,0x00000000d5580000,0x00000000d6b80000)
  from space 1536K, 72% used [0x00000000d6d00000,0x00000000d6e17660,0x00000000d6e80000)
  to   space 1536K, 0% used [0x00000000d6e80000,0x00000000d6e80000,0x00000000d7000000)
 ParOldGen       total 68608K, used 18307K [0x0000000080000000, 0x0000000084300000, 0x00000000d5580000)
  object space 68608K, 26% used [0x0000000080000000,0x00000000811e0e18,0x0000000084300000)
 Metaspace       used 36778K, committed 37952K, reserved 1114112K
  class space    used 3826K, committed 4352K, reserved 1048576K
}
Event: 10.030 GC heap before
{Heap before GC invocations=16 (full 2):
 PSYoungGen      total 24064K, used 23643K [0x00000000d5580000, 0x00000000d7000000, 0x0000000100000000)
  eden space 22528K, 99% used [0x00000000d5580000,0x00000000d6b7f758,0x00000000d6b80000)
  from space 1536K, 72% used [0x00000000d6d00000,0x00000000d6e17660,0x00000000d6e80000)
  to   space 1536K, 0% used [0x00000000d6e80000,0x00000000d6e80000,0x00000000d7000000)
 ParOldGen       total 68608K, used 18307K [0x0000000080000000, 0x0000000084300000, 0x00000000d5580000)
  object space 68608K, 26% used [0x0000000080000000,0x00000000811e0e18,0x0000000084300000)
 Metaspace       used 38375K, committed 39488K, reserved 1114112K
  class space    used 4049K, committed 4544K, reserved 1048576K
}
Event: 10.031 GC heap after
{Heap after GC invocations=16 (full 2):
 PSYoungGen      total 23040K, used 632K [0x00000000d5580000, 0x00000000d6f80000, 0x0000000100000000)
  eden space 22016K, 0% used [0x00000000d5580000,0x00000000d5580000,0x00000000d6b00000)
  from space 1024K, 61% used [0x00000000d6e80000,0x00000000d6f1e0f0,0x00000000d6f80000)
  to   space 1024K, 0% used [0x00000000d6d80000,0x00000000d6d80000,0x00000000d6e80000)
 ParOldGen       total 68608K, used 19095K [0x0000000080000000, 0x0000000084300000, 0x00000000d5580000)
  object space 68608K, 27% used [0x0000000080000000,0x00000000812a5f38,0x0000000084300000)
 Metaspace       used 38375K, committed 39488K, reserved 1114112K
  class space    used 4049K, committed 4544K, reserved 1048576K
}
Event: 10.386 GC heap before
{Heap before GC invocations=17 (full 2):
 PSYoungGen      total 23040K, used 22334K [0x00000000d5580000, 0x00000000d6f80000, 0x0000000100000000)
  eden space 22016K, 98% used [0x00000000d5580000,0x00000000d6ab1948,0x00000000d6b00000)
  from space 1024K, 61% used [0x00000000d6e80000,0x00000000d6f1e0f0,0x00000000d6f80000)
  to   space 1024K, 0% used [0x00000000d6d80000,0x00000000d6d80000,0x00000000d6e80000)
 ParOldGen       total 68608K, used 19095K [0x0000000080000000, 0x0000000084300000, 0x00000000d5580000)
  object space 68608K, 27% used [0x0000000080000000,0x00000000812a5f38,0x0000000084300000)
 Metaspace       used 40231K, committed 41408K, reserved 1114112K
  class space    used 4286K, committed 4800K, reserved 1048576K
}
Event: 10.388 GC heap after
{Heap after GC invocations=17 (full 2):
 PSYoungGen      total 23040K, used 1013K [0x00000000d5580000, 0x00000000d7200000, 0x0000000100000000)
  eden space 22016K, 0% used [0x00000000d5580000,0x00000000d5580000,0x00000000d6b00000)
  from space 1024K, 98% used [0x00000000d6d80000,0x00000000d6e7d6f8,0x00000000d6e80000)
  to   space 3584K, 0% used [0x00000000d6e80000,0x00000000d6e80000,0x00000000d7200000)
 ParOldGen       total 68608K, used 20809K [0x0000000080000000, 0x0000000084300000, 0x00000000d5580000)
  object space 68608K, 30% used [0x0000000080000000,0x0000000081452480,0x0000000084300000)
 Metaspace       used 40231K, committed 41408K, reserved 1114112K
  class space    used 4286K, committed 4800K, reserved 1048576K
}
Event: 10.720 GC heap before
{Heap before GC invocations=18 (full 2):
 PSYoungGen      total 23040K, used 23029K [0x00000000d5580000, 0x00000000d7200000, 0x0000000100000000)
  eden space 22016K, 100% used [0x00000000d5580000,0x00000000d6b00000,0x00000000d6b00000)
  from space 1024K, 98% used [0x00000000d6d80000,0x00000000d6e7d6f8,0x00000000d6e80000)
  to   space 3584K, 0% used [0x00000000d6e80000,0x00000000d6e80000,0x00000000d7200000)
 ParOldGen       total 68608K, used 20809K [0x0000000080000000, 0x0000000084300000, 0x00000000d5580000)
  object space 68608K, 30% used [0x0000000080000000,0x0000000081452480,0x0000000084300000)
 Metaspace       used 41994K, committed 43072K, reserved 1114112K
  class space    used 4524K, committed 4992K, reserved 1048576K
}
Event: 10.724 GC heap after
{Heap after GC invocations=18 (full 2):
 PSYoungGen      total 25600K, used 3363K [0x00000000d5580000, 0x00000000d7200000, 0x0000000100000000)
  eden space 22016K, 0% used [0x00000000d5580000,0x00000000d5580000,0x00000000d6b00000)
  from space 3584K, 93% used [0x00000000d6e80000,0x00000000d71c8d38,0x00000000d7200000)
  to   space 3584K, 0% used [0x00000000d6b00000,0x00000000d6b00000,0x00000000d6e80000)
 ParOldGen       total 68608K, used 25250K [0x0000000080000000, 0x0000000084300000, 0x00000000d5580000)
  object space 68608K, 36% used [0x0000000080000000,0x00000000818a8a60,0x0000000084300000)
 Metaspace       used 41994K, committed 43072K, reserved 1114112K
  class space    used 4524K, committed 4992K, reserved 1048576K
}
Event: 10.989 GC heap before
{Heap before GC invocations=19 (full 2):
 PSYoungGen      total 25600K, used 25379K [0x00000000d5580000, 0x00000000d7200000, 0x0000000100000000)
  eden space 22016K, 100% used [0x00000000d5580000,0x00000000d6b00000,0x00000000d6b00000)
  from space 3584K, 93% used [0x00000000d6e80000,0x00000000d71c8d38,0x00000000d7200000)
  to   space 3584K, 0% used [0x00000000d6b00000,0x00000000d6b00000,0x00000000d6e80000)
 ParOldGen       total 68608K, used 25250K [0x0000000080000000, 0x0000000084300000, 0x00000000d5580000)
  object space 68608K, 36% used [0x0000000080000000,0x00000000818a8a60,0x0000000084300000)
 Metaspace       used 44345K, committed 45504K, reserved 1114112K
  class space    used 4877K, committed 5376K, reserved 1048576K
}
Event: 10.992 GC heap after
{Heap after GC invocations=19 (full 2):
 PSYoungGen      total 23552K, used 1152K [0x00000000d5580000, 0x00000000d6f00000, 0x0000000100000000)
  eden space 22016K, 0% used [0x00000000d5580000,0x00000000d5580000,0x00000000d6b00000)
  from space 1536K, 75% used [0x00000000d6b00000,0x00000000d6c20000,0x00000000d6c80000)
  to   space 2048K, 0% used [0x00000000d6d00000,0x00000000d6d00000,0x00000000d6f00000)
 ParOldGen       total 68608K, used 28483K [0x0000000080000000, 0x0000000084300000, 0x00000000d5580000)
  object space 68608K, 41% used [0x0000000080000000,0x0000000081bd0d60,0x0000000084300000)
 Metaspace       used 44345K, committed 45504K, reserved 1114112K
  class space    used 4877K, committed 5376K, reserved 1048576K
}
Event: 11.360 GC heap before
{Heap before GC invocations=20 (full 2):
 PSYoungGen      total 23552K, used 23168K [0x00000000d5580000, 0x00000000d6f00000, 0x0000000100000000)
  eden space 22016K, 100% used [0x00000000d5580000,0x00000000d6b00000,0x00000000d6b00000)
  from space 1536K, 75% used [0x00000000d6b00000,0x00000000d6c20000,0x00000000d6c80000)
  to   space 2048K, 0% used [0x00000000d6d00000,0x00000000d6d00000,0x00000000d6f00000)
 ParOldGen       total 68608K, used 28483K [0x0000000080000000, 0x0000000084300000, 0x00000000d5580000)
  object space 68608K, 41% used [0x0000000080000000,0x0000000081bd0d60,0x0000000084300000)
 Metaspace       used 46502K, committed 47744K, reserved 1114112K
  class space    used 5177K, committed 5696K, reserved 1048576K
}
Event: 11.363 GC heap after
{Heap after GC invocations=20 (full 2):
 PSYoungGen      total 23552K, used 1120K [0x00000000d5580000, 0x00000000d6e80000, 0x0000000100000000)
  eden space 22016K, 0% used [0x00000000d5580000,0x00000000d5580000,0x00000000d6b00000)
  from space 1536K, 72% used [0x00000000d6d00000,0x00000000d6e18000,0x00000000d6e80000)
  to   space 1536K, 0% used [0x00000000d6b00000,0x00000000d6b00000,0x00000000d6c80000)
 ParOldGen       total 68608K, used 29471K [0x0000000080000000, 0x0000000084300000, 0x00000000d5580000)
  object space 68608K, 42% used [0x0000000080000000,0x0000000081cc7d90,0x0000000084300000)
 Metaspace       used 46502K, committed 47744K, reserved 1114112K
  class space    used 5177K, committed 5696K, reserved 1048576K
}

